CD: FILLING DATABASE...
CD: FILLING DATABASE...
CD: FILLING DATABASE...
CD: FILLING DATABASE...
CD: FILLING DATABASE...
CD: FILLING DATABASE...
CD: FILLING DATABASE...
CD: FILLING DATABASE...
CD: FILLING DATABASE...
CD: FILLING DATABASE...
CD: FILLING DATABASE...
CD: FILLING DATABASE...
CD: FILLING DATABASE...
CD: FILLING DATABASE...
CD: FILLING DATABASE...
CD: FILLING DATABASE...
CD: FILLING DATABASE...
CD: FILLING DATABASE...
CD: FILLING DATABASE...
CD: FILLING DATABASE...
CD: FILLING DATABASE...
CD: FILLING DATABASE...
CD: FILLING DATABASE...
CD: FILLING DATABASE...
CD: FILLING DATABASE...
CD: FILLING DATABASE...
CD: FILLING DATABASE...
CD: FILLING DATABASE...
CD: FILLING DATABASE...
CD: FILLING DATABASE...
CD: FILLING DATABASE...
CD: FILLING DATABASE...
CD: FILLING DATABASE...
CD: FILLING DATABASE...
CD: FILLING DATABASE...
CD: FILLING DATABASE...
CD: FILLING DATABASE...
CD: FILLING DATABASE...
CD: FILLING DATABASE...
CD: FILLING DATABASE...
CD: FILLING DATABASE...
CD: FILLING DATABASE...
CD: FILLING DATABASE...
CD: FILLING DATABASE...
CD: FILLING DATABASE...
CD: FILLING DATABASE...
CD: FILLING DATABASE...
CD: FILLING DATABASE...
CD: FILLING DATABASE...
CD: FILLING DATABASE...
CD: FILLING DATABASE...
CD: FILLING DATABASE...
CD: FILLING DATABASE...
CD: FILLING DATABASE...
CD: FILLING DATABASE...
CD: FILLING DATABASE...
CD: FILLING DATABASE...
CD: FILLING DATABASE...
CD: FILLING DATABASE...
CD: FILLING DATABASE...
CD: FILLING DATABASE...
CD: FILLING DATABASE...
CD: FILLING DATABASE...
CD: FILLING DATABASE...
CD: FILLING DATABASE...
CD: FILLING DATABASE...
CD: FILLING DATABASE...
CD: FILLING DATABASE...
CD: FILLING DATABASE...
CD: FILLING DATABASE...
CD: FILLING DATABASE...
CD: FILLING DATABASE...
CD: FILLING DATABASE...
CD: FILLING DATABASE...
CD: FILLING DATABASE...
CD: FILLING DATABASE...
CD: FILLING DATABASE...
CD: FILLING DATABASE...
CD: FILLING DATABASE...
CD: FILLING DATABASE...
CD: FILLING DATABASE...
CD: FILLING DATABASE...
CD: FILLING DATABASE...
CD: FILLING DATABASE...
CD: FILLING DATABASE...
CD: FILLING DATABASE...
CD: FILLING DATABASE...
CD: FILLING DATABASE...
CD: FILLING DATABASE...
CD: FILLING DATABASE...
CD: FILLING DATABASE...
CD: FILLING DATABASE...
CD: FILLING DATABASE...
CD: FILLING DATABASE...
CD: FILLING DATABASE...
CD: FILLING DATABASE...
CD: FILLING DATABASE...
CD: FILLING DATABASE...
CD: FILLING DATABASE...
CD: FILLING DATABASE...
CD: FILLING DATABASE...
CD: FILLING DATABASE...
CD: FILLING DATABASE...
CD: FILLING DATABASE...
CD: FILLING DATABASE...
CD: FILLING DATABASE...
CD: FILLING DATABASE...
CD: FILLING DATABASE...
CD: FILLING DATABASE...
CD: FILLING DATABASE...
CD: FILLING DATABASE...
CD: FILLING DATABASE...
CD: FILLING DATABASE...
CD: FILLING DATABASE...
CD: FILLING DATABASE...
CD: FILLING DATABASE...
CD: FILLING DATABASE...
CD: FILLING DATABASE...
CD: FILLING DATABASE...
CD: FILLING DATABASE...
CD: FILLING DATABASE...
CD: FILLING DATABASE...
CD: FILLING DATABASE...
CD: FILLING DATABASE...
CD: FILLING DATABASE...
CD: FILLING DATABASE...
CD: FILLING DATABASE...
CD: FILLING DATABASE...
CD: FILLING DATABASE...
CD: FILLING DATABASE...
CD: FILLING DATABASE...
CD: FILLING DATABASE...
CD: FILLING DATABASE...
CD: FILLING DATABASE...
CD: FILLING DATABASE...
CD: FILLING DATABASE...
CD: FILLING DATABASE...
CD: FILLING DATABASE...
CD: FILLING DATABASE...
CD: FILLING DATABASE...
CD: FILLING DATABASE...
CD: FILLING DATABASE...
CD: FILLING DATABASE...
CD: FILLING DATABASE...
CD: FILLING DATABASE...
CD: FILLING DATABASE...
CD: FILLING DATABASE...
CD: FILLING DATABASE...
CD: FILLING DATABASE...
CD: FILLING DATABASE...
CD KEYS RAN
Already in DB Aggelos
Already in DB Atari Vault
Already in DB Avoid - Sensory Overload
Already in DB Darksiders III
Already in DB Darksiders III
Already in DB Dead Cells
Already in DB Dragon Ball FighterZ
Already in DB Far Cry 5
Already in DB Far Cry 5: Hours of Darkness
Already in DB Ghost of a Tale
Already in DB Grand Theft Auto V
Already in DB Insurgency: Sandstorm
Already in DB Memories of Mars
Already in DB Milanoir
Already in DB Naruto to Boruto: Shinobi Striker
Already in DB Overcooked! 2
Already in DB Prey: Mooncrash
Already in DB Red Faction: Guerrilla Re-Mars-tered
Already in DB Skyshine's Bedlam
Already in DB Space Hulk: Deathwing - Enhanced Edition
Already in DB Vikings: Wolves of Midgard
Already in DB Armikrog
Already in DB Kyn
Already in DB Life is Strange: Before the Storm
Already in DB Shape of the World
Already in DB Smoke and Sacrifice
Already in DB Toren
Already in DB Yoku's Island Express
Already in DB Tropico 5 Complete Collection
Already in DB Bioshock 4
Already in DB Borderlands 2: Game of the Year Edition
Already in DB Mini Z Racers Turbo
Already in DB Tennis World Tour
Already in DB Pro Cycling Manager 2018
Already in DB Tropico 4 Collector's Bundle
Already in DB Tropico Trilogy
Already in DB Cities: Skylines
Already in DB Dungeons 3
Already in DB Dungeons Gold Edition
Already in DB Habitat
Already in DB Project Highrise
Already in DB Project Highrise: Las Vegas
Already in DB Project Highrise
Already in DB Project Highrise: Miami Malls
Already in DB Project Highrise
Already in DB Railway Empire
Already in DB Sid Meier's Civilization VI: Rise and Fall
Already in DB Fireburst
Already in DB FlatOut 2
Already in DB Flatout 4: Total Insanity
Already in DB FlatOut
Already in DB FlatOut
Already in DB The Crew 2
Already in DB Antihero
Already in DB Sid Meier's Civilization V: The Complete Edition
Already in DB Sudden Strike 4
Already in DB Dungeons 2
Already in DB Dungeons 2: A Game of Winter
Already in DB Guild of Dungeoneering
Already in DB Guild of Dungeoneering: Ice Cream Headaches
Already in DB Pillars of Eternity II: Deadfire
Already in DB Pillars of Eternity II: Deadfire
Already in DB The Banner Saga 2
Already in DB The Banner Saga 3
Already in DB The Banner Saga
Already in DB Crazy Soccer
Already in DB Battlefleet Gothic: Armada 2
Already in DB Grand Ages: Rome Gold Edition
Already in DB Sid Meier's Civilization VI: Digital Deluxe Edition
Already in DB Space Hulk: Tactics
Already in DB City Of The Dead
Already in DB Dark: Cult of the Dead
Already in DB Game of Thrones: Ascent
Already in DB Game of Thrones: Ascent
Already in DB Dragon Ball Z: Collectible Card Game
Already in DB The Elder Scrolls V: Skyrim
Already in DB Alleyway 3DS
Already in DB Alleyway 3DS
Already in DB Atelier Lydie & Suelle: The Alchemists and the Mysterious Paintings
Already in DB Attack on Titan 2
Already in DB Darkest Dungeon
Already in DB Fire Emblem Warriors
Already in DB L.A. Noire
Already in DB Penny-Punching Princess
Already in DB Shaq Fu: A Legend Reborn
Already in DB South Park: The Fractured But Whole
Already in DB World of Warcraft: Battle for Azeroth
Already in DB World of Warcraft: Battle for Azeroth
Already in DB Borderlands: The Pre-Sequel
Already in DB The Destiny 2: Collector's Edition
Already in DB Resident Evil 4: GameStop Special Edition
Already in DB Destiny 2
Already in DB Fallout 4: Game of the Year Edition
Already in DB Far Cry 4
Already in DB Sniper Ghost Warrior 3 Season Pass Edition
Already in DB South Park: The Fractured But Whole - SteelBook Gold Edition
Already in DB South Park: The Fractured But Whole
Already in DB The Elder Scrolls Online: Summerset - Collector's Editions
Already in DB The Elder Scrolls Online: Summerset
Already in DB The Evil Within 2
Already in DB The Witcher 3: Wild Hunt
Already in DB Wolfenstein II: The New Colossus
Already in DB World of Warcraft: Battle for Azeroth
Already in DB Minecraft: PS Vita Edition
Already in DB Demon Gaze II
Already in DB Psychedelica of the Black Butterfly
Already in DB nonotype
Already in DB Flappy Limited '85
Already in DB Rocksmith 2014
Already in DB Resident Evil 4: GameStop Special Edition
Already in DB Attack on Titan 2
Already in DB Flappy Limited '85
Already in DB Borderlands: The Handsome Collection
Already in DB Code: Realize ~Bouquet of Rainbows~
Already in DB Danganronpa V3: Killing Harmony
Already in DB Darkest Dungeon
Already in DB Demon Gaze II
Already in DB The Destiny 2: Collector's Edition
Already in DB Resident Evil 4: GameStop Special Edition
Already in DB DOOM VFR
Already in DB Dragon Ball FighterZ
Already in DB Dragon Ball FighterZ
Already in DB Dynasty Warriors 9
Already in DB Extinction
Already in DB Extinction
Already in DB Far Cry 5
Already in DB Far Cry 4: Steelbook Edition
Already in DB Far Cry 5
Already in DB GOD WARS Future Past
Already in DB Grand Theft Auto V: Premium Online Edition
Already in DB L.A. Noire
Already in DB Let's Sing 2015
Already in DB Life is Strange: Before the Storm - Limited Edition
Already in DB Life is Strange: Before the Storm
Already in DB Mafia III
Already in DB Metal Gear Survive
Already in DB Resident Evil 4: GameStop Special Edition
Already in DB Monster Hunter: World
Already in DB NieR: Automata
Already in DB Nobunaga's Ambition: Taishi
Already in DB Shaq Fu: A Legend Reborn
Already in DB South Park: The Fractured But Whole - SteelBook Gold Edition
Already in DB South Park: The Fractured But Whole
Already in DB Star Wars Battlefront II
Already in DB Tales Of Berseria: Collector's Edition
Already in DB The 25th Ward: The Silver Case
Already in DB The Elder Scrolls Online: Summerset - Collector's Editions
Already in DB The Elder Scrolls Online: Summerset
Already in DB The Evil Within 2
Already in DB The Last Guardian Collector's Edition
Already in DB The Surge
Already in DB The Witch and the Hundred Knight 2
Already in DB Tokyo Twilight Ghost Hunters: Daybreak Special Gigs
Already in DB Tokyo Xanadu
Already in DB Wolfenstein II: The New Colossus
Already in DB WWE 2K18
Already in DB WWE 2K18
Already in DB Card Game
Already in DB Arcade Islands: Volume One
Already in DB Luna Crabs
Already in DB Three-Card Trick
Already in DB Double Action 53 Volume TWO
Already in DB Card Game
Already in DB Mark After Dark
Already in DB Attack on Titan 2
Already in DB Bioshock 4
Already in DB Borderlands: The Handsome Collection
Already in DB The Destiny 2: Collector's Edition
Already in DB Resident Evil 4: GameStop Special Edition
Already in DB Dragon Ball FighterZ
Already in DB Dragon Ball FighterZ
Already in DB Dynasty Warriors 9
Already in DB Extinction
Already in DB Extinction
Already in DB Fallout 4: Game of the Year Edition
Already in DB Far Cry 5
Already in DB Far Cry 4: Steelbook Edition
Already in DB Far Cry 5
Already in DB Grand Theft Auto V: Premium Online Edition
Already in DB L.A. Noire
Already in DB Life is Strange: Before the Storm - Limited Edition
Already in DB Life is Strange: Before the Storm
Already in DB Mafia III
Already in DB Metal Gear Survive
Already in DB Resident Evil 4: GameStop Special Edition
Already in DB Monster Hunter: World
Already in DB Shaq Fu: A Legend Reborn
Already in DB South Park: The Fractured But Whole - SteelBook Gold Edition
Already in DB South Park: The Fractured But Whole
Already in DB Star Wars Battlefront II: Elite Trooper Deluxe Edition
Already in DB Star Wars Battlefront II
Already in DB Sudden Strike 4: European Battlefields Edition
Already in DB The Elder Scrolls Online: Summerset - Collector's Editions
Already in DB The Elder Scrolls Online: Summerset
Already in DB The Elder Scrolls V: Skyrim Special Edition
Already in DB The Evil Within 2
Already in DB The Surge
Already in DB Tom Clancy's Ghost Recon Wildlands - Gold Edition
Already in DB Wolfenstein II: The New Colossus
Already in DB WWE 2K18
Already in DB WWE 2K18
Already in DB Akiba's Beat
Already in DB Atelier Lydie & Suelle: The Alchemists and the Mysterious Paintings
Already in DB Atelier Lydie & Suelle: The Alchemists and the Mysterious Paintings
Already in DB Burnout Paradise Remastered
Already in DB Burnout Paradise Remastered
Already in DB Call of Duty: Black Ops III - Zombies Chronicles
Already in DB Call of Duty: Black Ops III - Zombies Chronicles
Already in DB Call of Duty: Modern Warfare Remastered
Already in DB Call of Duty: Modern Warfare Remastered
Already in DB Cars 3: Driven to Win
Already in DB Cars 3: Driven to Win
Already in DB Cars 3: Driven to Win
Already in DB Alleyway 3DS
Already in DB Danganronpa V3: Killing Harmony
Already in DB Demon Gaze II
Already in DB Destiny 2
Already in DB Destiny 2
Already in DB Kinect Disneyland Adventures
Already in DB Donkey Kong Country: Tropical Freeze
Already in DB Dragon Ball FighterZ
Already in DB Dragon Ball FighterZ
Already in DB Dragon Quest Heroes II
Already in DB EA SPORTS FIFA 18 & NHL 18 Bundle
Already in DB FIFA 18: Ronaldo Edition
Already in DB EA SPORTS FIFA 18 & NHL 18 Bundle
Already in DB F1 2017
Already in DB F1 2017
Already in DB Final Fantasy XII: The Zodiac Age
Already in DB Forza Horizon 3
Already in DB Forza Motorsport 7: Ultimate Edition
Already in DB Forza Motorsport 7
Already in DB Grand Theft Auto V
Already in DB Grand Theft Auto V
Already in DB Injustice 2
Already in DB Injustice 2
Already in DB Injustice 2
Already in DB Injustice 2
Already in DB Crash Bandicoot
Already in DB Kirby Star Allies
Already in DB L.A. Noire
Already in DB L.A. Noire
Already in DB Lego Marvel Super Heroes 2
Already in DB Lego Marvel Super Heroes 2
Already in DB Lego Marvel Super Heroes 2
Already in DB LEGO Ninjago Movie Video Game
Already in DB LEGO Ninjago Movie Video Game
Already in DB LEGO Ninjago Movie Video Game
Already in DB LEGO Worlds
Already in DB LEGO Worlds
Already in DB Life is Strange: Before the Storm - Limited Edition
Already in DB Life is Strange: Before the Storm - Limited Edition
Already in DB Life is Strange: Before the Storm
Already in DB Life is Strange: Before the Storm
Already in DB Madden NFL 18
Already in DB Madden NFL 18
Already in DB Mario Kart 8
Already in DB Mario Tennis Aces
Already in DB Mass Effect: Andromeda
Already in DB Mass Effect: Andromeda
Already in DB Metal Gear Survive
Already in DB Metal Gear Survive
Already in DB Middle-earth: Shadow of War - Gold Edition
Already in DB Middle-earth: Shadow of War - Gold Edition
Already in DB Middle-earth: Shadow of War
Already in DB Middle-earth: Shadow of War
Already in DB Minecraft: Story Mode - Season Two
Already in DB Minecraft: Story Mode - Season Two
Already in DB Monopoly for Nintendo Switch
Already in DB Monster Energy Supercross - The Official Videogame
Already in DB Monster Energy Supercross - The Official Videogame
Already in DB Monster Hunter: World
Already in DB Monster Hunter: World
Already in DB MXGP3 - The Official Motocross Videogame
Already in DB MXGP3 - The Official Motocross Videogame
Already in DB MXGP Pro
Already in DB MXGP Pro
Already in DB Black My White Again
Already in DB NASCAR Heat 2
Already in DB New Gundam Breaker
Already in DB NHL 18
Already in DB NHL 18
Already in DB NieR: Automata
Already in DB Nobunaga's Ambition: Taishi
Already in DB Owlboy
Already in DB Owlboy
Already in DB Persona 5
Already in DB Project CARS 2
Already in DB Project CARS 2
Already in DB RPG Maker Fes
Already in DB Rugby 18
Already in DB Rugby 18
Already in DB Rush: A Disney Pixar Adventure
Already in DB Senran Kagura: Peach Beach Splash
Already in DB Sniper Ghost Warrior 3 Season Pass Edition
Already in DB Sniper Ghost Warrior 3 Season Pass Edition
Already in DB South Park: The Fractured But Whole
Already in DB South Park: The Fractured But Whole
Already in DB South Park: The Fractured But Whole
Already in DB Space Hulk: Deathwing - Enhanced Edition
Already in DB Splatoon 2
Already in DB Street Fighter V: Arcade Edition
Already in DB Super Lucky's Tale
Already in DB Super Mario Odyssey
Already in DB Tekken 7
Already in DB Tekken 7
Already in DB Tekken 7
Already in DB The 25th Ward: The Silver Case
Already in DB The Legend of Zelda: Breath of the Wild
Already in DB The Longest Five Minutes
Already in DB The Silver Case
Already in DB The Witch and the Hundred Knight 2
Already in DB Black
Already in DB Titanfall 2
Already in DB Titanfall 2
Already in DB Titanfall 2
Already in DB Touhou Kobuto V: Burst Battle
Already in DB Touhou Kobuto V: Burst Battle
Already in DB Vampyr
Already in DB Vampyr
Already in DB Yakuza 6: The Song of Life - Essence of Art Edition
Already in DB Zoo Tycoon: Ultimate Animal Collection
Already in DB 1-2-Switch
Already in DB ARMS
Already in DB Puchi Eva: Evangelion @ Game
Already in DB Adventure Time: Finn and Jake Investigations
Already in DB Controller
Already in DB Atomic City Adventures - The Case of the Black Dragon
Already in DB Decisive Campaigns: Case Blue
Already in DB Assassin's Creed: The Ezio Collection
Already in DB Assassin's Creed: Origins
Already in DB Spider-Man: The Video Game
Already in DB Monster Hunter 3 Classic Controller Pro Pack
Already in DB Baja: Edge of Control HD
Already in DB Batman: Arkham City
Already in DB Batman: Arkham Knight
Already in DB Batman: Arkham VR
Already in DB Batman: The Enemy Within
Already in DB Batman: Return to Arkham
Already in DB DOWNLOAD 2
Already in DB Bejeweled 2
Already in DB PlayStation Move
Already in DB Sable Maze: Norwich Caves
Already in DB BlackSite: Area 51
Already in DB Call of Duty: Infinite Warfare - Legacy Edition
Already in DB Call of Duty: Infinite Warfare
Already in DB Call of Duty: Infinite Warfare
Already in DB Call of Duty: Infinite Warfare
Already in DB Call of Duty: Infinite Warfare - Legacy Edition
Already in DB Call of Duty: Modern Warfare Remastered
Already in DB Call of Duty: WWII
Already in DB Call of Duty: WWII
Already in DB Call of Duty: WWII
Already in DB Cinderella's Castle Designer
Already in DB The ClueFinders Reading Adventures
Already in DB FIFA for Switch
Already in DB Crash Bandicoot N. Sane Trilogy
Already in DB Crash Bandicoot N. Sane Trilogy
Already in DB Crash Bandicoot N. Sane Trilogy
Already in DB Darkest Dungeon: Ancestral Edition
Already in DB Destiny 2
Already in DB Destiny 2
Already in DB Patient Zero: Day One
Already in DB Disney Pixar Toy Story 3
Already in DB Donkey Kong Country: Tropical Freeze
Already in DB DOOM
Already in DB DOOM
Already in DB Dragon Ball: Xenoverse 2
Already in DB Dragon Ball: Xenoverse 2
Already in DB Dragon Ball: Xenoverse 2
Already in DB Dying Light: The Following - Enhanced Edition
Already in DB EA Sports UFC 3 - Champions Edition
Already in DB The Elder Scrolls V: Skyrim
Already in DB ELEX
Already in DB Empire: Total War
Already in DB Extinction
Already in DB Fallout 4: Game of the Year Edition
Already in DB Far Cry 5
Already in DB Far Cry 5
Already in DB Farming Simulator
Already in DB Fire Emblem Warriors
Already in DB Flashback: 25th Anniversary - Collector's Edition
Already in DB Friday the 13th
Already in DB Friday the 13th
Already in DB VideoGame Construction Set
Already in DB Full Spectrum Warrior: Ten Hammers
Already in DB Game of Thrones: A Telltale Games Series
Already in DB Gear.Club Unlimited
Already in DB Ghostbusters
Already in DB Ghostbusters: The Video Game
Already in DB Ghostbusters
Already in DB God of War
Already in DB Grand Theft Auto V
Already in DB Grand Theft Auto V
Already in DB Grand Theft Auto V
Already in DB Dodge Racing: Charger vs Challenger
Already in DB Harry Potter and the Goblet of Fire
Already in DB Harry Potter and the Half-Blood Prince
Already in DB Hello Neighbor
Already in DB Hello Neighbor
Already in DB Horizon: Zero Dawn Complete Edition
Already in DB Hotel Transylvania 3: Monsters Overboard
Already in DB Hyrule Warriors: Definitive Edition
Already in DB I Spy Mystery
Already in DB IGT Slots Paradise Garden
Already in DB INSIDE + LIMBO Double Pack
Already in DB The Incredibles: When Danger Calls
Already in DB Injustice 2
Already in DB Injustice 2
Already in DB Jurassic World Evolution
Already in DB Just Dance 2017
Already in DB Just Dance 2018
Already in DB Killer Instinct: Definitive Edition
Already in DB Kirby Star Allies
Already in DB LEGO Batman 3: Beyond Gotham
Already in DB LEGO Batman 3: Beyond Gotham
Already in DB LEGO City Undercover
Already in DB LEGO City Undercover
Already in DB LEGO City Undercover
Already in DB LEGO The Incredibles
Already in DB LEGO The Incredibles
Already in DB LEGO The Incredibles
Already in DB LEGO Jurassic World
Already in DB Lego Marvel Super Heroes
Already in DB Lego Marvel Super Heroes
Already in DB Lego Marvel Super Heroes
Already in DB Lego Marvel Super Heroes
Already in DB LEGO Marvel's Avengers
Already in DB LEGO Star Wars: The Force Awakens
Already in DB LEGO Star Wars: The Force Awakens
Already in DB LEGO Star Wars III: The Clone Wars
Already in DB LEGO Worlds
Already in DB LEGO Worlds
Already in DB LEGO Worlds
Already in DB The Legend of Zelda: Breath of the Wild
Already in DB Lego Indiana Jones 2: The Adventure Continues
Already in DB Lego Marvel Super Heroes
Already in DB LEGO Ninjago Movie Video Game
Already in DB LEGO Ninjago Movie Video Game
Already in DB LEGO Ninjago Movie Video Game
Already in DB Lord of the Rings: War in the North
Already in DB Pinball FX 2: Star Wars
Already in DB Luxor
Already in DB MX vs. ATV Supercross Encore
Already in DB MXGP3 - The Official Motocross Videogame
Already in DB MXGP3 - The Official Motocross Videogame
Already in DB Madden NFL 17
Already in DB Mafia III
Already in DB Mario Kart 8
Already in DB Mario + Rabbids Kingdom Battle
Already in DB Mario Tennis Aces
Already in DB Marvel Pinball: Epic Collection Vol. 1
Already in DB Marvel vs. Capcom: Infinite
Already in DB Mass Effect: Andromeda
Already in DB Mass Effect: Andromeda
Already in DB Mass Effect: Andromeda
Already in DB Mass Effect: Andromeda
Already in DB Mega Man X Legacy Collection
Already in DB Metal Gear Survive
Already in DB Middle-earth: Shadow of Mordor
Already in DB Middle-earth: Shadow of War - Gold Edition
Already in DB Middle-earth: Shadow of War
Already in DB Middle-earth: Shadow of War
Already in DB Minecraft
Already in DB Minecraft
Already in DB Minecraft: Story Mode - The Complete Adventure
Already in DB Monopoly Family Fun Pack
Already in DB Monopoly
Already in DB Monster Energy Supercross - The Official Videogame
Already in DB Monster Energy Supercross - The Official Videogame
Already in DB Monster Energy Supercross - The Official Videogame
Already in DB Monster Hunter: World
Already in DB Monster Jam: Crush It!
Already in DB Mortal Kombat X
Already in DB NASCAR Heat Evolution
Already in DB NBA 2K17
Already in DB NBA 2K18
Already in DB NBA LIVE 18: The One Edition
Already in DB NHL 17
Already in DB NHL 18
Already in DB Nancy Drew: Tomb of the Lost Queen
Already in DB Naruto Shippuden: Ultimate Ninja Storm 4 - Road to Boruto
Already in DB NBA 2K18
Already in DB NBA 2K18
Already in DB Need For Speed: Payback
Already in DB Need for Speed Rivals
Already in DB My First Tangrams for iPad
Already in DB FIFA for Switch
Already in DB DJMax Portable Black Square
Already in DB Gerrymandering: Red vs Blue
Already in DB Octopath Traveler
Already in DB One Piece: Burning Blood
Already in DB Ori and the Blind Forest: Definitive Edition
Already in DB Outlast: Trinity
Already in DB Overcooked! 2
Already in DB Overwatch - Game of the Year Edition
Already in DB Overwatch - Game of the Year Edition
Already in DB Call of Cthulhu: The Official Video Game
Already in DB Plants vs. Zombies: Garden Warfare
Already in DB Plants vs. Zombies: Garden Warfare
Already in DB Pokkén Tournament DX
Already in DB Card game 28
Already in DB Prey
Already in DB Prey
Already in DB Project CARS 2
Already in DB Rambo: The Video Game
Already in DB Ratatouille
Already in DB Ratchet & Clank Future: Tools of Destruction
Already in DB Rayman Legends: Definitive Edition
Already in DB Rayman Legends
Already in DB Rayman Legends
Already in DB Rise of Nations: Thrones & Patriots
Already in DB Rocket League: Collector's Edition
Already in DB Rocket League: Collector's Edition
Already in DB Troll Face Quest Video Games
Already in DB Spirits of Mystery: Song of the Phoenix
Already in DB Scribblenauts Showdown
Already in DB Scribblenauts Showdown
Already in DB Sea of Thieves
Already in DB Shantae: Half-Genie Hero Ultimate Edition
Already in DB Shivers 2: Harvest of Souls
Already in DB SimCity Societies
Already in DB Singularity
Already in DB Skylanders: Imaginators
Already in DB Sniper Art of Victory
Already in DB Sniper Elite 4
Already in DB Sniper: Ghost Warrior 2
Already in DB Sniper Ghost Warrior 3 Season Pass Edition
Already in DB Sniper Ghost Warrior 3 Season Pass Edition
Already in DB Soldiers: Heroes of World War II
Already in DB Sonic Forces: Bonus Edition
Already in DB Sonic Forces
Already in DB Sonic Mania Plus
Already in DB Splatoon 2
Already in DB Spongebob Squarepants: Underpants Slam
Already in DB Spore
Already in DB Star Wars Battlefront II
Already in DB Star Wars Battlefront II
Already in DB Star Wars Battlefront II
Already in DB Star Wars Battlefront
Already in DB Steep
Already in DB Street Fighter V
Already in DB Super Bomberman R
Already in DB Super Lucky's Tale
Already in DB Super Mario Odyssey
Already in DB Super Mario Odyssey
Already in DB Sword Art Online: Fatal Bullet
Already in DB Tekken 7
Already in DB Tennis World Tour
Already in DB Thief: The Dark Project
Already in DB Titanfall 2
Already in DB Tom Clancy's Ghost Recon: Wildlands
Already in DB Tom Clancy's Ghost Recon: Wildlands
Already in DB Top Chef: The Game
Already in DB Toy Story 3: The Video Game
Already in DB TrackMania Turbo
Already in DB Transformers: Devastation
Already in DB Transformers: Devastation
Already in DB Tropix 2: Quest for the Golden Banana
Already in DB Ultra Street Fighter II: The Final Challengers
Already in DB Uncharted 4: A Thief's End
Already in DB Vampyr
Already in DB WWE 2K17
Already in DB WWE 2K18
Already in DB WWE 2K18
Already in DB The Walking Dead: The Telltale Series Collection
Already in DB The Walking Dead: The Telltale Series Collection
Already in DB The Walking Dead: The Complete First Season
Already in DB The Walking Dead: The Telltale Series Collection
Already in DB Warhammer 40,000: Dawn of War II - Chaos Rising
Already in DB IGT Slots Paradise Garden
Already in DB The Witcher 3: Wild Hunt
Already in DB Wolfenstein II: The New Colossus
Already in DB Wolfenstein II: The New Colossus
Already in DB Wolfenstein II: The New Colossus
Already in DB Wolfenstein II: The New Colossus
Already in DB The Two Sisters
Already in DB World Mosaics 6
Already in DB Yonder: The Cloud Catcher Chronicles
Already in DB Zombie Army Trilogy
Already in DB Zumba Fitness: World Party
Already in DB theHunter: Call of the Wild
Already in DB theHunter: Call of the Wild
Adding New Entry to Deep Database
games/?search=call of duty black ops iii 3 ()&fields=genres,themes,name,cover,release_dates,aggregated_rating,summary,videos,storyline
In DeepGame Already
Already in DB Dishonored: Death of the Outsider
Already in DB DRAGON BALL FighterZ: Ultimate Edition
Adding New Entry to Deep Database
games/?search=dragon ball xenoverse season pass&fields=genres,themes,name,cover,release_dates,aggregated_rating,summary,videos,storyline
In DeepGame Already
Adding New Entry to Deep Database
games/?search=dragon quest xi echoes of an elusive age&fields=genres,themes,name,cover,release_dates,aggregated_rating,summary,videos,storyline
New Entry to DeepGame Dragon Quest XI: Echoes of an Elusive Age
Already in DB Grand Theft Auto Online - dupe
Adding New Entry to Deep Database
games/?search=grand theft auto v 5 great white shark card&fields=genres,themes,name,cover,release_dates,aggregated_rating,summary,videos,storyline
In DeepGame Already
Already in DB Gravel
Adding New Entry to Deep Database
games/?search=h1z1&fields=genres,themes,name,cover,release_dates,aggregated_rating,summary,videos,storyline
New Entry to DeepGame H1Z1
Adding New Entry to Deep Database
games/?search=headsnatchers&fields=genres,themes,name,cover,release_dates,aggregated_rating,summary,videos,storyline
New Entry to DeepGame Headsnatchers
Adding New Entry to Deep Database
games/?search=middleearth shadow of war silver&fields=genres,themes,name,cover,release_dates,aggregated_rating,summary,videos,storyline
New Entry to DeepGame Middle-earth: Shadow of War - Silver Edition
Already in DB No Man's Sky
Already in DB Building Simulator
Adding New Entry to Deep Database
games/?search=pro evolution soccer 2018 barcelona&fields=genres,themes,name,cover,release_dates,aggregated_rating,summary,videos,storyline
New Entry to DeepGame Pro Evolution Soccer 2018
Adding New Entry to Deep Database
games/?search=pro evolution soccer 2018&fields=genres,themes,name,cover,release_dates,aggregated_rating,summary,videos,storyline
In DeepGame Already
Already in DB Rage
Adding New Entry to Deep Database
games/?search=rocket league collectors&fields=genres,themes,name,cover,release_dates,aggregated_rating,summary,videos,storyline
Error Downloading Image
New Entry to DeepGame duplicate Rocket League: Collectors Edition
Adding New Entry to Deep Database
games/?search=sid meier's civilization v 5 the complete&fields=genres,themes,name,cover,release_dates,aggregated_rating,summary,videos,storyline
In DeepGame Already
Adding New Entry to Deep Database
games/?search=space hulk deathwing&fields=genres,themes,name,cover,release_dates,aggregated_rating,summary,videos,storyline
New Entry to DeepGame Space Hulk: Deathwing
Adding New Entry to Deep Database
games/?search=steel division normandy 44&fields=genres,themes,name,cover,release_dates,aggregated_rating,summary,videos,storyline
New Entry to DeepGame Steel Division: Normandy 44
Adding New Entry to Deep Database
games/?search=steep season pass&fields=genres,themes,name,cover,release_dates,aggregated_rating,summary,videos,storyline
In DeepGame Already
Adding New Entry to Deep Database
games/?search=street fighter v 5&fields=genres,themes,name,cover,release_dates,aggregated_rating,summary,videos,storyline
Error Downloading Image
In DeepGame Already
Adding New Entry to Deep Database
games/?search=the inner world the last wind monk&fields=genres,themes,name,cover,release_dates,aggregated_rating,summary,videos,storyline
New Entry to DeepGame The Inner World: The Last Wind Monk
Adding New Entry to Deep Database
games/?search=the sims 3 island paradise&fields=genres,themes,name,cover,release_dates,aggregated_rating,summary,videos,storyline
New Entry to DeepGame The Sims 3: Island Paradise
Adding New Entry to Deep Database
games/?search=the sims 3&fields=genres,themes,name,cover,release_dates,aggregated_rating,summary,videos,storyline
In DeepGame Already
Adding New Entry to Deep Database
games/?search=the sims 4 bowling night stuff&fields=genres,themes,name,cover,release_dates,aggregated_rating,summary,videos,storyline
New Entry to DeepGame The Sims 4: Toddler Stuff
Already in DB The Sims 4
Adding New Entry to Deep Database
games/?search=the witcher 3 wild hunt goty&fields=genres,themes,name,cover,release_dates,aggregated_rating,summary,videos,storyline
In DeepGame Already
Adding New Entry to Deep Database
games/?search=tom clancy's the division&fields=genres,themes,name,cover,release_dates,aggregated_rating,summary,videos,storyline
New Entry to DeepGame Tom Clancy's The Division
Already in DB Wolfenstein: The Old Blood
Already in DB BlazBlue: Cross Tag Battle
Already in DB Bubsy: The Woolies Strike Back
Already in DB Call of Cthulhu: Dark Corners of The Earth
Already in DB Circle Empires
Already in DB Creepy Road
Already in DB Dead Cells
Already in DB Desire Remaster Version
Already in DB Dishonored 2
Already in DB Dishonored Complete Collection
Already in DB Dishonored: Death of the Outsider
Already in DB Dishonored: Death of the Outsider
Already in DB Dishonored: Definitive Edition
Already in DB Dishonored - Dunwall City Trials
Already in DB Dishonored - The Brigmore Witches
Already in DB Dishonored - The Knife of Dunwall
Already in DB Dishonored - Void Walker Arsenal
Already in DB Dishonored
Already in DB Doom 3: BFG Edition
Already in DB Doom 3: Resurrection of Evil
Already in DB Doom 3
Already in DB Doom Classic Complete
Already in DB DOOM
Already in DB Dragon Ball FighterZ
Already in DB DRAGON BALL FighterZ: Ultimate Edition
Already in DB Dragon Ball FighterZ
Already in DB Exoplanet: First Contact
Already in DB Fallout 2
Already in DB Fallout 3: Game of the Year Edition
Already in DB Fallout 3: Mothership Zeta
Already in DB Fallout 3: Operation Anchorage
Already in DB Fallout 3: The Pitt
Already in DB Fallout 3
Already in DB Fallout 4: Contraptions Workshop
Already in DB Fallout 4: Automatron
Already in DB Fallout 4: Far Harbor
Already in DB Fallout 4: Nuka World
Already in DB For Honor: Season Pass
Already in DB Fallout 4: Wasteland Workshop
Already in DB Fallout 4
Already in DB Fallout: New Vegas - Dead Money
Already in DB Fallout: New Vegas
Already in DB Fallout: New Vegas - Honest Hearts
Already in DB Fallout: New Vegas - Lonesome Road
Already in DB Fallout: New Vegas - Old World Blues
Already in DB Fallout: New Vegas - Ultimate Edition
Already in DB Fallout: New Vegas
Already in DB Fallout Tactics: Brotherhood Of Steel
Already in DB Fallout
Already in DB Football Manager 2019
Already in DB Guilty Gear Xrd Rev 2
Already in DB Guilty Gear Xrd: Revelator
Already in DB Hotline Miami: Wildlife - The Complete Series
Already in DB Hunted: The Demon's Forge
Already in DB Injustice 2: Ultimate Edition
Already in DB Injustice 2
Already in DB Injustice: Gods Among Us Ultimate Edition
Already in DB Inquisitor
Already in DB Insurgency: Sandstorm
Already in DB Into The Breach
Already in DB iZBOT
Already in DB Judgment: Apocalypse Survival Simulation
Already in DB Knights and Merchants: The Peasants Rebellion
Already in DB KURSK
Already in DB Marvel vs. Capcom: Infinite
Already in DB Marvel vs. Capcom: Infinite
Already in DB Mini Thief
Already in DB Mortal Kombat : Komplete Edition
Already in DB Mortal Kombat X
Already in DB Mortal Kombat XL
Already in DB Nikopol: Secrets of the Immortals
Already in DB Phase Edge
Already in DB Prey
Already in DB Prey: Mooncrash
Already in DB Prey
Already in DB Putt-Putt Saves The Zoo
Already in DB Quake Champions
Already in DB Quake II
Already in DB Quake III Arena
Already in DB Quake IV
Already in DB Quake: The Offering
Already in DB Rage: The Scorchers
Already in DB Rage
Already in DB Redout
Already in DB Return to Castle Wolfenstein
Already in DB Rogue Warrior
Already in DB Scheming Through The Zombie Apocalypse: The Beginning
Already in DB Shenmue III
Already in DB Star Trek: Bridge Crew - The Next Generation
Already in DB Street Fighter V: Arcade Edition
Already in DB Street Fighter V: Arcade Edition
Already in DB Far Cry 5 Season Pass
Already in DB Far Cry 5 Season Pass
Already in DB Tekken 7
Already in DB Tekken 7
Already in DB The Elder Scrolls III: Morrowind - Game of the Year Edition
Already in DB The Elder Scrolls IV: Oblivion - Game of the Year Edition
Already in DB The Elder Scrolls IV: Oblivion - Game of the Year Edition
Already in DB The Elder Scrolls Online
Already in DB The Elder Scrolls Online: Summerset - Collector's Editions
Already in DB The Elder Scrolls Online: Summerset - Collector's Editions
Already in DB The Elder Scrolls Online: Summerset
Already in DB The Elder Scrolls Online: Summerset
Already in DB The Elder Scrolls V: Skyrim Special Edition
Already in DB The Evil Within 2
Already in DB The Evil Within
Already in DB The Evil Within 2
Already in DB The Walking Dead: The Final Season
Already in DB The Wizards
Already in DB Two Point Hospital
Already in DB Ultimate Doom
Already in DB UNLOVED
Already in DB Valkyria Chronicles 4
Already in DB Warhammer 40,000: Mechanicus
Already in DB We Are The Dwarves
Already in DB Will To Live Online
Already in DB Wolfenstein 3D
Already in DB Wolfenstein II: The New Colossus
Already in DB Wolfenstein II: The New Colossus
Already in DB Wolfenstein: The New Order
Already in DB Wolfenstein: The Old Blood
Game Added
Game Added
Game Added
Game Added
Game Added
Game Added
Game Added
Game Added
Game Added
Game Added
Game Added
Game Added
Game Added
Game Added
Game Added
Game Added
Game Added
Game Added
Game Added
Game Added
Game Added
Game Added
Game Added
Game Added
Game Added
Game Added
Game Added
Game Added
Game Added
Game Added
Game Added
Game Added
Game Added
Game Added
Game Added
Game Added
Game Added
Game Added
Game Added
Game Added
Game Added
Game Added
Game Added
Game Added
Game Added
Game Added
Game Added
Game Added
Game Added
Game Added
Game Added
Game Added
Game Added
Game Added
Game Added
Game Added
Game Added
Game Added
Game Added
Game Added
Game Added
Game Added
Game Added
Game Added
Game Added
Game Added
Game Added
Game Added
Game Added
Game Added
Game Added
Game Added
Game Added
Game Added
Game Added
Game Added
Game Added
Game Added
Game Added
Game Added
Game Added
Game Added
Game Added
Game Added
Game Added
Game Added
Game Added
Game Added
Game Added
Game Added
Game Added
Game Added
Game Added
Game Added
Game Added
Game Added
Game Added
Game Added
Game Added
Game Added
Game Added
Game Added
Game Added
Game Added
Game Added
Game Added
Game Added
Game Added
Game Added
Game Added
Game Added
Game Added
Game Added
Game Added
Game Added
Game Added
Game Added
Game Added
Game Added
Game Added
Game Added
Game Added
Game Added
Game Added
Game Added
Game Added
Game Added
Game Added
Game Added
Game Added
Game Added
Game Added
Game Added
Game Added
Game Added
Game Added
Game Added
Game Added
Game Added
Game Added
Game Added
Game Added
Game Added
Game Added
Game Added
Game Added
Game Added
Game Added
Game Added
Game Added
Game Added
Game Added
Game Added
Game Added
Game Added
Game Added
Game Added
Game Added
Game Added
Game Added
Game Added
Game Added
Game Added
Game Added
Game Added
Game Added
Game Added
Game Added
Game Added
Game Added
Game Added
Game Added
Game Added
Game Added
Game Added
Game Added
Game Added
Game Added
Game Added
Game Added
Game Added
Game Added
Game Added
Game Added
Game Added
Game Added
Game Added
Game Added
Game Added
Game Added
Game Added
Game Added
Game Added
Game Added
Game Added
Game Added
Game Added
Game Added
Game Added
Game Added
Game Added
Game Added
Game Added
Game Added
Game Added
Game Added
Game Added
Game Added
Game Added
Game Added
Game Added
Game Added
Game Added
Game Added
Game Added
Game Added
Game Added
Game Added
Game Added
Game Added
Game Added
Game Added
Game Added
Game Added
Game Added
Game Added
Game Added
Game Added
Game Added
Game Added
Game Added
Game Added
Game Added
Game Added
Game Added
Game Added
Game Added
Game Added
Game Added
Game Added
Game Added
Game Added
Game Added
Game Added
Game Added
Game Added
Game Added
Game Added
Game Added
Game Added
Game Added
Game Added
Game Added
Game Added
Game Added
Game Added
Game Added
Game Added
Game Added
Game Added
Game Added
Game Added
Game Added
Game Added
Game Added
Game Added
Game Added
Game Added
Game Added
Game Added
Game Added
Game Added
Game Added
Game Added
Game Added
Game Added
Game Added
Game Added
Game Added
Game Added
Game Added
Game Added
Game Added
Game Added
Game Added
Game Added
Game Added
Game Added
Game Added
Game Added
Game Added
Game Added
Game Added
Game Added
Game Added
Game Added
Game Added
Game Added
Game Added
Game Added
Game Added
Game Added
Game Added
Game Added
Game Added
Game Added
Game Added
Game Added
Game Added
Game Added
Game Added
Game Added
Game Added
Game Added
Game Added
Game Added
Game Added
Game Added
Game Added
Game Added
Game Added
Game Added
Game Added
Game Added
Game Added
Game Added
Game Added
Game Added
Game Added
Game Added
Game Added
Game Added
Game Added
Game Added
Game Added
Game Added
Game Added
Game Added
Game Added
Game Added
Game Added
Game Added
Game Added
Game Added
Game Added
Game Added
Game Added
Game Added
Game Added
Game Added
Game Added
Game Added
Game Added
Game Added
Game Added
Game Added
Game Added
Game Added
Game Added
Game Added
Game Added
Game Added
Game Added
Game Added
Game Added
Game Added
Game Added
Game Added
Game Added
Game Added
Game Added
Game Added
Game Added
Game Added
Game Added
Game Added
Game Added
Game Added
Game Added
Game Added
Game Added
Game Added
Game Added
Game Added
Game Added
Game Added
Game Added
Game Added
Game Added
Game Added
Game Added
Game Added
Game Added
Game Added
Game Added
Game Added
Game Added
Game Added
Game Added
Game Added
Game Added
Game Added
Game Added
Game Added
Game Added
Game Added
Game Added
Game Added
Game Added
Game Added
Game Added
Game Added
Game Added
Game Added
Game Added
Game Added
Game Added
Game Added
Game Added
Game Added
Game Added
Game Added
Game Added
Game Added
Game Added
Game Added
Game Added
Game Added
Game Added
Game Added
Game Added
Game Added
Game Added
Game Added
Game Added
Game Added
Game Added
Game Added
Game Added
Game Added
Game Added
Game Added
Game Added
Game Added
Game Added
Game Added
Game Added
Game Added
Game Added
Game Added
Game Added
Game Added
Game Added
Game Added
Game Added
Game Added
Game Added
Game Added
Game Added
Game Added
Game Added
Game Added
Game Added
Game Added
Game Added
Game Added
Game Added
Game Added
Game Added
Game Added
Game Added
Game Added
Game Added
Game Added
Game Added
Game Added
Game Added
Game Added
Game Added
Game Added
Game Added
Game Added
Game Added
Game Added
Game Added
Game Added
Game Added
Game Added
Game Added
Game Added
Game Added
Game Added
Game Added
Game Added
Game Added
Game Added
Game Added
Game Added
Game Added
Game Added
Game Added
Game Added
Game Added
Game Added
Game Added
Game Added
Game Added
Game Added
Game Added
Game Added
Game Added
Game Added
Game Added
Game Added
Game Added
Game Added
Game Added
Game Added
Game Added
Game Added
Game Added
Game Added
Game Added
Game Added
Game Added
Game Added
Game Added
Game Added
Game Added
Game Added
Game Added
Game Added
Game Added
Game Added
Game Added
Game Added
Game Added
Game Added
Game Added
Game Added
Game Added
Game Added
Game Added
Game Added
Game Added
Game Added
Game Added
Game Added
Game Added
Game Added
Game Added
Game Added
Game Added
Game Added
Game Added
Game Added
Game Added
Game Added
Game Added
Game Added
Game Added
Game Added
Game Added
Game Added
Game Added
Game Added
Game Added
Game Added
Game Added
Game Added
Game Added
Game Added
Game Added
Game Added
Game Added
Game Added
Game Added
Game Added
Game Added
Game Added
Game Added
Game Added
Game Added
Game Added
Game Added
Game Added
Game Added
Game Added
Game Added
Game Added
Game Added
Game Added
Game Added
Game Added
Game Added
Game Added
Game Added
Game Added
Game Added
Game Added
Game Added
Game Added
Game Added
Game Added
Game Added
Game Added
Game Added
Game Added
Game Added
Game Added
Game Added
Game Added
Game Added
Game Added
Game Added
Game Added
Game Added
Game Added
Game Added
Game Added
Game Added
Game Added
Game Added
Game Added
Game Added
Game Added
Game Added
Game Added
Game Added
Game Added
Game Added
Game Added
Game Added
Game Added
Game Added
Game Added
Game Added
Game Added
Game Added
Game Added
Game Added
Game Added
Game Added
Game Added
Game Added
Game Added
Game Added
Game Added
Game Added
Game Added
Game Added
Game Added
Game Added
Game Added
Game Added
Game Added
Game Added
Game Added
Game Added
Game Added
Game Added
Game Added
Game Added
Game Added
MASTER JSON HAS BEEN BUILT!
